0 info it worked if it ends with ok
1 verbose cli [
1 verbose cli   'D:\\Program Files\\nodejs\\node.exe',
1 verbose cli   'D:\\Program Files\\nodejs\\node_modules\\npm\\bin\\npm-cli.js',
1 verbose cli   'run',
1 verbose cli   'make-linux'
1 verbose cli ]
2 info using npm@6.14.11
3 info using node@v14.16.0
4 verbose run-script [ 'premake-linux', 'make-linux', 'postmake-linux' ]
5 info lifecycle cmartmirror@1.0.0~premake-linux: cmartmirror@1.0.0
6 info lifecycle cmartmirror@1.0.0~make-linux: cmartmirror@1.0.0
7 verbose lifecycle cmartmirror@1.0.0~make-linux: unsafe-perm in lifecycle true
8 verbose lifecycle cmartmirror@1.0.0~make-linux: PATH: D:\Program Files\nodejs\node_modules\npm\node_modules\npm-lifecycle\node-gyp-bin;D:\MyappRene\myapp2.0\node_modules\.bin;C:\Users\Games-Freank\bin;C:\Program Files\Git\mingw64\bin;C:\Program Files\Git\usr\local\bin;C:\Program Files\Git\usr\bin;C:\Program Files\Git\usr\bin;C:\Program Files\Git\mingw64\bin;C:\Program Files\Git\usr\bin;C:\Users\Games-Freank\bin;C:\Python39\Scripts;C:\Python39;C:\Program Files (x86)\Intel\iCLS Client;C:\ProgramData\Oracle\Java\javapath;C:\Program Files\Intel\iCLS Client;C:\windows\system32;C:\windows;C:\windows\System32\Wbem;C:\windows\System32\WindowsPowerShell\v1.0;C:\WINDOWS\system32;C:\WINDOWS;C:\WINDOWS\System32\Wbem;C:\WINDOWS\System32\WindowsPowerShell\v1.0;C:\Program Files (x86)\Intel\Intel(R) Management Engine Components\DAL;C:\Program Files\Intel\Intel(R) Management Engine Components\DAL;C:\Program Files (x86)\Intel\Intel(R) Management Engine Components\IPT;C:\Program Files\Intel\Intel(R) Management Engine Components\IPT;C:\WINDOWS\System32\OpenSSH;C:\Program Files\Git\cmd;C:\Program Files (x86)\NVIDIA Corporation\PhysX\Common;C:\Program Files\Intel\WiFi\bin;C:\Program Files\Common Files\Intel\WirelessCommon;C:\WINDOWS\system32;C:\WINDOWS;C:\WINDOWS\System32\Wbem;C:\WINDOWS\System32\WindowsPowerShell\v1.0;C:\WINDOWS\System32\OpenSSH;D:\Program Files\nodejs;C:\ProgramData\chocolatey\bin;C:\Users\Games-Freank\AppData\Local\Microsoft\WindowsApps;C:\Users\Games-Freank\AppData\Roaming\npm;C:\Users\Games-Freank\AppData\Local\Programs\Microsoft VS Code\bin;C:\Users\Games-Freank\AppData\Local\GitHubDesktop\bin;C:\Program Files\Git\usr\bin\vendor_perl;C:\Program Files\Git\usr\bin\core_perl
9 verbose lifecycle cmartmirror@1.0.0~make-linux: CWD: D:\MyappRene\myapp2.0
10 silly lifecycle cmartmirror@1.0.0~make-linux: Args: [ '/d /s /c', 'npx @electron-forge/cli make --platform linux' ]
11 silly lifecycle cmartmirror@1.0.0~make-linux: Returned: code: 1  signal: null
12 info lifecycle cmartmirror@1.0.0~make-linux: Failed to exec make-linux script
13 verbose stack Error: cmartmirror@1.0.0 make-linux: `npx @electron-forge/cli make --platform linux`
13 verbose stack Exit status 1
13 verbose stack     at EventEmitter.<anonymous> (D:\Program Files\nodejs\node_modules\npm\node_modules\npm-lifecycle\index.js:332:16)
13 verbose stack     at EventEmitter.emit (events.js:315:20)
13 verbose stack     at ChildProcess.<anonymous> (D:\Program Files\nodejs\node_modules\npm\node_modules\npm-lifecycle\lib\spawn.js:55:14)
13 verbose stack     at ChildProcess.emit (events.js:315:20)
13 verbose stack     at maybeClose (internal/child_process.js:1048:16)
13 verbose stack     at Process.ChildProcess._handle.onexit (internal/child_process.js:288:5)
14 verbose pkgid cmartmirror@1.0.0
15 verbose cwd D:\MyappRene\myapp2.0
16 verbose Windows_NT 10.0.19041
17 verbose argv "D:\\Program Files\\nodejs\\node.exe" "D:\\Program Files\\nodejs\\node_modules\\npm\\bin\\npm-cli.js" "run" "make-linux"
18 verbose node v14.16.0
19 verbose npm  v6.14.11
20 error code ELIFECYCLE
21 error errno 1
22 error cmartmirror@1.0.0 make-linux: `npx @electron-forge/cli make --platform linux`
22 error Exit status 1
23 error Failed at the cmartmirror@1.0.0 make-linux script.
23 error This is probably not a problem with npm. There is likely additional logging output above.
24 verbose exit [ 1, true ]
